<?xml version="1.0" encoding="UTF-8"?>
<testsuite name="com.finleap.forecast.rest.WeatherRestServiceUnitTest" tests="1" skipped="1" failures="0" errors="0" timestamp="2018-10-08T02:12:41" hostname="Juans-MacBook-Pro.local" time="0.0">
  <properties/>
  <testcase name="testGetWeatherByCity" classname="com.finleap.forecast.rest.WeatherRestServiceUnitTest" time="0.0">
    <skipped/>
  </testcase>
  <system-out><![CDATA[2018-10-07 21:12:41.144  INFO 11939 --- [    Test worker] o.s.t.c.support.AbstractContextLoader    : Could not detect default resource locations for test class [com.finleap.forecast.rest.WeatherRestServiceUnitTest]: no resource found for suffixes {-context.xml, Context.groovy}.
2018-10-07 21:12:41.147  INFO 11939 --- [    Test worker] .b.t.c.SpringBootTestContextBootstrapper : Loaded default TestExecutionListener class names from location [META-INF/spring.factories]: [org.springframework.boot.test.autoconfigure.restdocs.RestDocsTestExecutionListener, org.springframework.boot.test.autoconfigure.web.client.MockRestServiceServerResetTestExecutionListener, org.springframework.boot.test.autoconfigure.web.servlet.MockMvcPrintOnlyOnFailureTestExecutionListener, org.springframework.boot.test.autoconfigure.web.servlet.WebDriverTestExecutionListener, org.springframework.boot.test.mock.mockito.MockitoTestExecutionListener, org.springframework.boot.test.mock.mockito.ResetMocksTestExecutionListener, org.springframework.test.context.web.ServletTestExecutionListener, org.springframework.test.context.support.DirtiesContextBeforeModesTestExecutionListener, org.springframework.test.context.support.DependencyInjectionTestExecutionListener, org.springframework.test.context.support.DirtiesContextTestExecutionListener, org.springframework.test.context.transaction.TransactionalTestExecutionListener, org.springframework.test.context.jdbc.SqlScriptsTestExecutionListener]
2018-10-07 21:12:41.148  INFO 11939 --- [    Test worker] .b.t.c.SpringBootTestContextBootstrapper : Using TestExecutionListeners: [org.springframework.test.context.web.ServletTestExecutionListener@2321f34b, org.springframework.test.context.support.DirtiesContextBeforeModesTestExecutionListener@7b612e15, org.springframework.boot.test.mock.mockito.MockitoTestExecutionListener@690685d7, org.springframework.boot.test.autoconfigure.SpringBootDependencyInjectionTestExecutionListener@789fb996, org.springframework.test.context.support.DirtiesContextTestExecutionListener@5408a665, org.springframework.boot.test.autoconfigure.restdocs.RestDocsTestExecutionListener@266b3b77, org.springframework.boot.test.autoconfigure.web.client.MockRestServiceServerResetTestExecutionListener@7b1e2a50, org.springframework.boot.test.autoconfigure.web.servlet.MockMvcPrintOnlyOnFailureTestExecutionListener@7ec87fac, org.springframework.boot.test.autoconfigure.web.servlet.WebDriverTestExecutionListener@6fe2d59e, org.springframework.boot.test.mock.mockito.ResetMocksTestExecutionListener@102dfb96]
]]></system-out>
  <system-err><![CDATA[]]></system-err>
</testsuite>
