<?xml version="1.0" encoding="UTF-8"?>
<testsuite name="com.finleap.forecast.service.WeatherRestServiceTest" tests="1" skipped="0" failures="0" errors="0" timestamp="2018-10-08T02:12:38" hostname="Juans-MacBook-Pro.local" time="0.356">
  <properties/>
  <testcase name="greetingShouldReturnDefaultMessage" classname="com.finleap.forecast.service.WeatherRestServiceTest" time="0.356"/>
  <system-out><![CDATA[2018-10-07 21:12:37.155  INFO 11939 --- [    Test worker] .b.t.c.SpringBootTestContextBootstrapper : Neither @ContextConfiguration nor @ContextHierarchy found for test class [com.finleap.forecast.service.WeatherRestServiceTest], using SpringBootContextLoader
2018-10-07 21:12:37.155  INFO 11939 --- [    Test worker] o.s.t.c.support.AbstractContextLoader    : Could not detect default resource locations for test class [com.finleap.forecast.service.WeatherRestServiceTest]: no resource found for suffixes {-context.xml, Context.groovy}.
2018-10-07 21:12:37.155  INFO 11939 --- [    Test worker] t.c.s.AnnotationConfigContextLoaderUtils : Could not detect default configuration classes for test class [com.finleap.forecast.service.WeatherRestServiceTest]: WeatherRestServiceTest does not declare any static, non-private, non-final, nested classes annotated with @Configuration.
2018-10-07 21:12:37.162  INFO 11939 --- [    Test worker] .b.t.c.SpringBootTestContextBootstrapper : Found @SpringBootConfiguration com.finleap.forecast.ForecastApplication for test class com.finleap.forecast.service.WeatherRestServiceTest
2018-10-07 21:12:37.163  INFO 11939 --- [    Test worker] .b.t.c.SpringBootTestContextBootstrapper : Loaded default TestExecutionListener class names from location [META-INF/spring.factories]: [org.springframework.boot.test.autoconfigure.restdocs.RestDocsTestExecutionListener, org.springframework.boot.test.autoconfigure.web.client.MockRestServiceServerResetTestExecutionListener, org.springframework.boot.test.autoconfigure.web.servlet.MockMvcPrintOnlyOnFailureTestExecutionListener, org.springframework.boot.test.autoconfigure.web.servlet.WebDriverTestExecutionListener, org.springframework.boot.test.mock.mockito.MockitoTestExecutionListener, org.springframework.boot.test.mock.mockito.ResetMocksTestExecutionListener, org.springframework.test.context.web.ServletTestExecutionListener, org.springframework.test.context.support.DirtiesContextBeforeModesTestExecutionListener, org.springframework.test.context.support.DependencyInjectionTestExecutionListener, org.springframework.test.context.support.DirtiesContextTestExecutionListener, org.springframework.test.context.transaction.TransactionalTestExecutionListener, org.springframework.test.context.jdbc.SqlScriptsTestExecutionListener]
2018-10-07 21:12:37.164  INFO 11939 --- [    Test worker] .b.t.c.SpringBootTestContextBootstrapper : Using TestExecutionListeners: [org.springframework.test.context.web.ServletTestExecutionListener@7147054d, org.springframework.test.context.support.DirtiesContextBeforeModesTestExecutionListener@4d358c52, org.springframework.boot.test.mock.mockito.MockitoTestExecutionListener@4a752225, org.springframework.boot.test.autoconfigure.SpringBootDependencyInjectionTestExecutionListener@eb972f7, org.springframework.test.context.support.DirtiesContextTestExecutionListener@479d7300, org.springframework.boot.test.autoconfigure.restdocs.RestDocsTestExecutionListener@26ab30bd, org.springframework.boot.test.autoconfigure.web.client.MockRestServiceServerResetTestExecutionListener@452c5a47, org.springframework.boot.test.autoconfigure.web.servlet.MockMvcPrintOnlyOnFailureTestExecutionListener@c7a6df, org.springframework.boot.test.autoconfigure.web.servlet.WebDriverTestExecutionListener@2c6ed0b4, org.springframework.boot.test.mock.mockito.ResetMocksTestExecutionListener@533f335c]

  .   ____          _            __ _ _
 /\\ / ___'_ __ _ _(_)_ __  __ _ \ \ \ \
( ( )\___ | '_ | '_| | '_ \/ _` | \ \ \ \
 \\/  ___)| |_)| | | | | || (_| |  ) ) ) )
  '  |____| .__|_| |_|_| |_\__, | / / / /
 =========|_|==============|___/=/_/_/_/
 :: Spring Boot ::        (v2.0.5.RELEASE)

2018-10-07 21:12:37.191  INFO 11939 --- [    Test worker] c.f.f.service.WeatherRestServiceTest     : Starting WeatherRestServiceTest on Juans-MacBook-Pro.local with PID 11939 (started by jpramirez in /Users/jpramirez/code/tests/finelap/forecast)
2018-10-07 21:12:37.192  INFO 11939 --- [    Test worker] c.f.f.service.WeatherRestServiceTest     : No active profile set, falling back to default profiles: default
2018-10-07 21:12:37.194  INFO 11939 --- [    Test worker] ConfigServletWebServerApplicationContext : Refreshing org.springframework.boot.web.servlet.context.AnnotationConfigServletWebServerApplicationContext@173a7f4: startup date [Sun Oct 07 21:12:37 COT 2018]; root of context hierarchy
2018-10-07 21:12:37.462  INFO 11939 --- [    Test worker] f.a.AutowiredAnnotationBeanPostProcessor : JSR-330 'javax.inject.Inject' annotation found and supported for autowiring
2018-10-07 21:12:37.816  INFO 11939 --- [    Test worker] o.s.b.w.embedded.tomcat.TomcatWebServer  : Tomcat initialized with port(s): 0 (http)
2018-10-07 21:12:37.851  INFO 11939 --- [    Test worker] o.apache.catalina.core.StandardService   : Starting service [Tomcat]
2018-10-07 21:12:37.851  INFO 11939 --- [    Test worker] org.apache.catalina.core.StandardEngine  : Starting Servlet Engine: Apache Tomcat/8.5.34
2018-10-07 21:12:37.866  INFO 11939 --- [ost-startStop-1] o.a.catalina.core.AprLifecycleListener   : The APR based Apache Tomcat Native library which allows optimal performance in production environments was not found on the java.library.path: [/Users/jpramirez/Library/Java/Extensions:/Library/Java/Extensions:/Network/Library/Java/Extensions:/System/Library/Java/Extensions:/usr/lib/java:.]
2018-10-07 21:12:37.992  INFO 11939 --- [ost-startStop-1] o.a.c.c.C.[Tomcat].[localhost].[/]       : Initializing Spring embedded WebApplicationContext
2018-10-07 21:12:37.992  INFO 11939 --- [ost-startStop-1] o.s.web.context.ContextLoader            : Root WebApplicationContext: initialization completed in 798 ms
2018-10-07 21:12:38.056  INFO 11939 --- [ost-startStop-1] o.s.b.w.servlet.ServletRegistrationBean  : Servlet dispatcherServlet mapped to [/]
2018-10-07 21:12:38.061  INFO 11939 --- [ost-startStop-1] o.s.b.w.servlet.FilterRegistrationBean   : Mapping filter: 'characterEncodingFilter' to: [/*]
2018-10-07 21:12:38.061  INFO 11939 --- [ost-startStop-1] o.s.b.w.servlet.FilterRegistrationBean   : Mapping filter: 'hiddenHttpMethodFilter' to: [/*]
2018-10-07 21:12:38.062  INFO 11939 --- [ost-startStop-1] o.s.b.w.servlet.FilterRegistrationBean   : Mapping filter: 'httpPutFormContentFilter' to: [/*]
2018-10-07 21:12:38.062  INFO 11939 --- [ost-startStop-1] o.s.b.w.servlet.FilterRegistrationBean   : Mapping filter: 'requestContextFilter' to: [/*]
2018-10-07 21:12:38.354  INFO 11939 --- [    Test worker] s.w.s.m.m.a.RequestMappingHandlerMapping : Mapped "{[/data],methods=[GET],produces=[application/json]}" onto public org.springframework.http.ResponseEntity<?> com.finleap.forecast.controller.ForecastController.get(java.lang.String)
2018-10-07 21:12:38.359  INFO 11939 --- [    Test worker] s.w.s.m.m.a.RequestMappingHandlerMapping : Mapped "{[/swagger-resources/configuration/security]}" onto public org.springframework.http.ResponseEntity<springfox.documentation.swagger.web.SecurityConfiguration> springfox.documentation.swagger.web.ApiResourceController.securityConfiguration()
2018-10-07 21:12:38.360  INFO 11939 --- [    Test worker] s.w.s.m.m.a.RequestMappingHandlerMapping : Mapped "{[/swagger-resources/configuration/ui]}" onto public org.springframework.http.ResponseEntity<springfox.documentation.swagger.web.UiConfiguration> springfox.documentation.swagger.web.ApiResourceController.uiConfiguration()
2018-10-07 21:12:38.360  INFO 11939 --- [    Test worker] s.w.s.m.m.a.RequestMappingHandlerMapping : Mapped "{[/swagger-resources]}" onto public org.springframework.http.ResponseEntity<java.util.List<springfox.documentation.swagger.web.SwaggerResource>> springfox.documentation.swagger.web.ApiResourceController.swaggerResources()
2018-10-07 21:12:38.363  INFO 11939 --- [    Test worker] s.w.s.m.m.a.RequestMappingHandlerMapping : Mapped "{[/error]}" onto public org.springframework.http.ResponseEntity<java.util.Map<java.lang.String, java.lang.Object>> org.springframework.boot.autoconfigure.web.servlet.error.BasicErrorController.error(javax.servlet.http.HttpServletRequest)
2018-10-07 21:12:38.364  INFO 11939 --- [    Test worker] s.w.s.m.m.a.RequestMappingHandlerMapping : Mapped "{[/error],produces=[text/html]}" onto public org.springframework.web.servlet.ModelAndView org.springframework.boot.autoconfigure.web.servlet.error.BasicErrorController.errorHtml(javax.servlet.http.HttpServletRequest,javax.servlet.http.HttpServletResponse)
2018-10-07 21:12:38.503  INFO 11939 --- [    Test worker] pertySourcedRequestMappingHandlerMapping : Mapped URL path [/v2/api-docs] onto method [public org.springframework.http.ResponseEntity<springfox.documentation.spring.web.json.Json> springfox.documentation.swagger2.web.Swagger2Controller.getDocumentation(java.lang.String,javax.servlet.http.HttpServletRequest)]
2018-10-07 21:12:38.649  INFO 11939 --- [    Test worker] o.s.w.s.handler.SimpleUrlHandlerMapping  : Mapped URL path [/**/favicon.ico] onto handler of type [class org.springframework.web.servlet.resource.ResourceHttpRequestHandler]
2018-10-07 21:12:38.684  INFO 11939 --- [    Test worker] s.w.s.m.m.a.RequestMappingHandlerAdapter : Looking for @ControllerAdvice: org.springframework.boot.web.servlet.context.AnnotationConfigServletWebServerApplicationContext@173a7f4: startup date [Sun Oct 07 21:12:37 COT 2018]; root of context hierarchy
2018-10-07 21:12:38.703  INFO 11939 --- [    Test worker] o.s.w.s.handler.SimpleUrlHandlerMapping  : Mapped URL path [/webjars/**] onto handler of type [class org.springframework.web.servlet.resource.ResourceHttpRequestHandler]
2018-10-07 21:12:38.703  INFO 11939 --- [    Test worker] o.s.w.s.handler.SimpleUrlHandlerMapping  : Mapped URL path [/**] onto handler of type [class org.springframework.web.servlet.resource.ResourceHttpRequestHandler]
2018-10-07 21:12:38.799  INFO 11939 --- [    Test worker] o.s.c.support.DefaultLifecycleProcessor  : Starting beans in phase 2147483647
2018-10-07 21:12:38.799  INFO 11939 --- [    Test worker] d.s.w.p.DocumentationPluginsBootstrapper : Context refreshed
2018-10-07 21:12:38.800  INFO 11939 --- [    Test worker] d.s.w.p.DocumentationPluginsBootstrapper : Found 1 custom documentation plugin(s)
2018-10-07 21:12:38.804  INFO 11939 --- [    Test worker] s.d.s.w.s.ApiListingReferenceScanner     : Scanning for api listing references
2018-10-07 21:12:38.852  INFO 11939 --- [    Test worker] o.s.b.w.embedded.tomcat.TomcatWebServer  : Tomcat started on port(s): 59689 (http) with context path ''
2018-10-07 21:12:38.853  INFO 11939 --- [    Test worker] c.f.f.service.WeatherRestServiceTest     : Started WeatherRestServiceTest in 1.688 seconds (JVM running for 6.207)
]]></system-out>
  <system-err><![CDATA[]]></system-err>
</testsuite>
